<?xml version="1.0" encoding="UTF-8"?>
<!-- Generated by org.testng.reporters.JUnitReportReporter -->
<testsuite skipped="0" hostname="DESKTOP-89OTHQ5" name="com.jbk.ReadProperty" tests="1" failures="0" timestamp="18 Apr 2021 03:18:36 GMT" time="22.243" errors="0">
  <testcase name="loginTest" time="22.243" classname="com.jbk.ReadProperty"/>
</testsuite> <!-- com.jbk.ReadProperty -->
