<?xml version="1.0" encoding="UTF-8"?>
<!-- Generated by org.testng.reporters.JUnitReportReporter -->
<testsuite skipped="0" hostname="DESKTOP-89OTHQ5" name="com.jbk.LogicalTestCases" tests="1" failures="0" timestamp="15 Apr 2021 03:12:49 GMT" time="23.254" errors="0">
  <testcase name="verifyDownloadsCommonBlank" time="23.254" classname="com.jbk.LogicalTestCases"/>
</testsuite> <!-- com.jbk.LogicalTestCases -->
