<?xml version="1.0" encoding="UTF-8"?>
<!-- Generated by org.testng.reporters.JUnitReportReporter -->
<testsuite skipped="0" hostname="DESKTOP-89OTHQ5" name="com.jbk.ReadJXL" tests="1" failures="0" timestamp="11 Apr 2021 03:26:48 GMT" time="28.523" errors="0">
  <testcase name="registerUserWithExcel" time="28.523" classname="com.jbk.ReadJXL"/>
</testsuite> <!-- com.jbk.ReadJXL -->
