<?xml version="1.0" encoding="UTF-8"?>
<!-- Generated by org.testng.reporters.JUnitReportReporter -->
<testsuite skipped="0" hostname="DESKTOP-89OTHQ5" name="com.jbk.NewTest" tests="4" failures="0" timestamp="16 Apr 2021 03:22:36 GMT" time="104.165" errors="0">
  <testcase name="loginWithExcelDP" time="14.949" classname="com.jbk.NewTest"/>
  <testcase name="loginWithExcelDP" time="13.310" classname="com.jbk.NewTest"/>
  <testcase name="loginWithExcelDP" time="15.237" classname="com.jbk.NewTest"/>
  <testcase name="loginWithExcelDP" time="60.669" classname="com.jbk.NewTest"/>
</testsuite> <!-- com.jbk.NewTest -->
