<?xml version="1.0" encoding="UTF-8"?>
<!-- Generated by org.testng.reporters.JUnitReportReporter -->
<testsuite skipped="0" hostname="DESKTOP-89OTHQ5" name="com.jbk.DemoWithDp" tests="5" failures="0" timestamp="04 Apr 2021 04:16:50 GMT" time="5.265" errors="0">
  <testcase name="loginTest" time="2.358" classname="com.jbk.DemoWithDp"/>
  <testcase name="loginTest" time="0.569" classname="com.jbk.DemoWithDp"/>
  <testcase name="loginTest" time="0.709" classname="com.jbk.DemoWithDp"/>
  <testcase name="loginTest" time="1.047" classname="com.jbk.DemoWithDp"/>
  <testcase name="loginTest" time="0.582" classname="com.jbk.DemoWithDp"/>
</testsuite> <!-- com.jbk.DemoWithDp -->
