<?xml version="1.0" encoding="UTF-8"?>
<!-- Generated by org.testng.reporters.JUnitReportReporter -->
<testsuite skipped="0" hostname="DESKTOP-89OTHQ5" name="com.jbk.Redbus" tests="1" failures="0" timestamp="10 Apr 2021 02:51:32 GMT" time="50.109" errors="0">
  <testcase name="test" time="50.109" classname="com.jbk.Redbus"/>
</testsuite> <!-- com.jbk.Redbus -->
