<?xml version="1.0" encoding="UTF-8"?>
<!-- Generated by org.testng.reporters.JUnitReportReporter -->
<testsuite skipped="0" hostname="DESKTOP-89OTHQ5" name="com.jbk.ActionEx" tests="1" failures="0" timestamp="20 Mar 2021 05:39:44 GMT" time="18.928" errors="0">
  <testcase name="test01" time="18.928" classname="com.jbk.ActionEx"/>
</testsuite> <!-- com.jbk.ActionEx -->
