<?xml version="1.0" encoding="UTF-8"?>
<!-- Generated by org.testng.reporters.JUnitReportReporter -->
<testsuite skipped="0" hostname="DESKTOP-89OTHQ5" name="com.jbk.DPTest" tests="2" failures="0" timestamp="15 Apr 2021 03:39:21 GMT" time="7.694" errors="0">
  <testcase name="loginTest" time="3.649" classname="com.jbk.DPTest"/>
  <testcase name="loginTest" time="4.045" classname="com.jbk.DPTest"/>
</testsuite> <!-- com.jbk.DPTest -->
