<?xml version="1.0" encoding="UTF-8"?>
<!-- Generated by org.testng.reporters.JUnitReportReporter -->
<testsuite skipped="0" hostname="DESKTOP-89OTHQ5" name="com.jbk.Demo" tests="1" failures="0" timestamp="17 Mar 2021 12:37:19 GMT" time="0.058" errors="0">
  <testcase name="printTable" time="0.058" classname="com.jbk.Demo"/>
</testsuite> <!-- com.jbk.Demo -->
