<?xml version="1.0" encoding="UTF-8"?>
<!-- Generated by org.testng.reporters.JUnitReportReporter -->
<testsuite skipped="0" hostname="DESKTOP-89OTHQ5" name="com.jbk.DataProviderEx" tests="3" failures="0" timestamp="03 Apr 2021 03:33:00 GMT" time="37.129" errors="0">
  <testcase name="loginTest" time="11.316" classname="com.jbk.DataProviderEx"/>
  <testcase name="loginTest" time="13.173" classname="com.jbk.DataProviderEx"/>
  <testcase name="loginTest" time="12.640" classname="com.jbk.DataProviderEx"/>
</testsuite> <!-- com.jbk.DataProviderEx -->
