<?xml version="1.0" encoding="UTF-8"?>
<!-- Generated by org.testng.reporters.JUnitReportReporter -->
<testsuite skipped="0" hostname="DESKTOP-89OTHQ5" name="com.jbk.DPWithExcel" tests="4" failures="0" timestamp="17 Apr 2021 04:04:09 GMT" time="14.939" errors="0">
  <testcase name="loginTest" time="10.104" classname="com.jbk.DPWithExcel"/>
  <testcase name="loginTest" time="1.422" classname="com.jbk.DPWithExcel"/>
  <testcase name="loginTest" time="1.345" classname="com.jbk.DPWithExcel"/>
  <testcase name="loginTest" time="2.068" classname="com.jbk.DPWithExcel"/>
</testsuite> <!-- com.jbk.DPWithExcel -->
